

*******************************************************************************
Wed Jun 26 13:37:38 2024


FIT:    data read from "p_tilde_L7.dat"
        format = z
        #datapoints = 4
        residuals are weighted equally (unit weight)

function used for fitting: f(x)
	f(x) = A*exp(B*x)
fitted parameters initialized with current variable values

iter      chisq       delta/lim  lambda   A             B            
   0 2.5444661840e+04   0.00e+00  2.81e+02    1.000000e+00   1.000000e+00
  15 5.1495175893e-05  -5.45e-01  2.81e-07    5.373089e+00  -1.187651e+00

After 15 iterations the fit converged.
final sum of squares of residuals : 5.14952e-05
rel. change during last iteration : -5.44832e-06

degrees of freedom    (FIT_NDF)                        : 2
rms of residuals      (FIT_STDFIT) = sqrt(WSSR/ndf)    : 0.00507421
variance of residuals (reduced chisquare) = WSSR/ndf   : 2.57476e-05

Final set of parameters            Asymptotic Standard Error
=======================            ==========================
A               = 5.37309          +/- 0.3314       (6.168%)
B               = -1.18765         +/- 0.02902      (2.443%)

correlation matrix of the fit parameters:
                A      B      
A               1.000 
B              -0.988  1.000 


*******************************************************************************
Wed Jun 26 13:38:06 2024


FIT:    data read from "p_tilde_L8.dat"
        format = z
        #datapoints = 4
        residuals are weighted equally (unit weight)

function used for fitting: f(x)
	f(x) = A*exp(B*x)
fitted parameters initialized with current variable values

iter      chisq       delta/lim  lambda   A             B            
   0 1.0664308447e-01   0.00e+00  5.04e-01    5.373089e+00  -1.187651e+00
  11 1.1257432080e-03  -1.47e-01  5.04e-06    9.689722e-01  -3.362816e-01

After 11 iterations the fit converged.
final sum of squares of residuals : 0.00112574
rel. change during last iteration : -1.4664e-06

degrees of freedom    (FIT_NDF)                        : 2
rms of residuals      (FIT_STDFIT) = sqrt(WSSR/ndf)    : 0.0237249
variance of residuals (reduced chisquare) = WSSR/ndf   : 0.000562872

Final set of parameters            Asymptotic Standard Error
=======================            ==========================
A               = 0.968972         +/- 0.1045       (10.78%)
B               = -0.336282        +/- 0.03711      (11.04%)

correlation matrix of the fit parameters:
                A      B      
A               1.000 
B              -0.947  1.000 
